21/02/10 09:30:37 WARN NativeCodeLoader: Unable to load native-hadoop library for your platform... using builtin-java classes where applicable
21/02/10 09:30:38 INFO SecurityManager: Changing view acls to: ineaz
21/02/10 09:30:38 INFO SecurityManager: Changing modify acls to: ineaz
21/02/10 09:30:38 INFO SecurityManager: Changing view acls groups to: 
21/02/10 09:30:38 INFO SecurityManager: Changing modify acls groups to: 
21/02/10 09:30:38 INFO SecurityManager: SecurityManager: authentication disabled; ui acls disabled; users  with view permissions: Set(ineaz); groups with view permissions: Set(); users  with modify permissions: Set(ineaz); groups with modify permissions: Set()
21/02/10 09:30:42 INFO HiveConf: Found configuration file file:/C:/Users/ineaz/AppData/Local/spark/spark-3.0.1-bin-hadoop3.2/conf/hive-site.xml
21/02/10 09:30:43 INFO SparkContext: Running Spark version 3.0.1
21/02/10 09:30:43 WARN SparkConf: Note that spark.local.dir will be overridden by the value set by the cluster manager (via SPARK_LOCAL_DIRS in mesos/standalone/kubernetes and LOCAL_DIRS in YARN).
21/02/10 09:30:43 INFO ResourceUtils: ==============================================================
21/02/10 09:30:43 INFO ResourceUtils: Resources for spark.driver:

21/02/10 09:30:43 INFO ResourceUtils: ==============================================================
21/02/10 09:30:43 INFO SparkContext: Submitted application: sparklyr
21/02/10 09:30:43 INFO SecurityManager: Changing view acls to: ineaz
21/02/10 09:30:43 INFO SecurityManager: Changing modify acls to: ineaz
21/02/10 09:30:43 INFO SecurityManager: Changing view acls groups to: 
21/02/10 09:30:43 INFO SecurityManager: Changing modify acls groups to: 
21/02/10 09:30:43 INFO SecurityManager: SecurityManager: authentication disabled; ui acls disabled; users  with view permissions: Set(ineaz); groups with view permissions: Set(); users  with modify permissions: Set(ineaz); groups with modify permissions: Set()
21/02/10 09:30:44 INFO Utils: Successfully started service 'sparkDriver' on port 59324.
21/02/10 09:30:44 INFO SparkEnv: Registering MapOutputTracker
21/02/10 09:30:44 INFO SparkEnv: Registering BlockManagerMaster
21/02/10 09:30:44 INFO BlockManagerMasterEndpoint: Using org.apache.spark.storage.DefaultTopologyMapper for getting topology information
21/02/10 09:30:44 INFO BlockManagerMasterEndpoint: BlockManagerMasterEndpoint up
21/02/10 09:30:44 INFO SparkEnv: Registering BlockManagerMasterHeartbeat
21/02/10 09:30:44 INFO DiskBlockManager: Created local directory at C:\Users\ineaz\AppData\Local\spark\spark-3.0.1-bin-hadoop3.2\tmp\local\blockmgr-00535e12-494c-4ee9-a35c-67ae3e991d3c
21/02/10 09:30:45 INFO MemoryStore: MemoryStore started with capacity 912.3 MiB
21/02/10 09:30:45 INFO SparkEnv: Registering OutputCommitCoordinator
21/02/10 09:30:45 WARN Utils: The configured local directories are not expected to be URIs; however, got suspicious values [C:/Users/ineaz/AppData/Local/spark/spark-3.0.1-bin-hadoop3.2/tmp/local]. Please check your configured local directories.
21/02/10 09:30:46 INFO Utils: Successfully started service 'SparkUI' on port 4040.
21/02/10 09:30:46 INFO SparkUI: Bound SparkUI to 127.0.0.1, and started at http://127.0.0.1:4040
21/02/10 09:30:46 INFO SparkContext: Added JAR file:/C:/Users/ineaz/OneDrive/Dokumente/R/win-library/4.0/sparklyr/java/sparklyr-3.0-2.12.jar at spark://127.0.0.1:59324/jars/sparklyr-3.0-2.12.jar with timestamp 1612945846584
21/02/10 09:30:47 INFO Executor: Starting executor ID driver on host 127.0.0.1
21/02/10 09:30:47 INFO Utils: Successfully started service 'org.apache.spark.network.netty.NettyBlockTransferService' on port 59367.
21/02/10 09:30:47 INFO NettyBlockTransferService: Server created on 127.0.0.1:59367
21/02/10 09:30:47 INFO BlockManager: Using org.apache.spark.storage.RandomBlockReplicationPolicy for block replication policy
21/02/10 09:30:47 INFO BlockManagerMaster: Registering BlockManager BlockManagerId(driver, 127.0.0.1, 59367, None)
21/02/10 09:30:47 INFO BlockManagerMasterEndpoint: Registering block manager 127.0.0.1:59367 with 912.3 MiB RAM, BlockManagerId(driver, 127.0.0.1, 59367, None)
21/02/10 09:30:47 INFO BlockManagerMaster: Registered BlockManager BlockManagerId(driver, 127.0.0.1, 59367, None)
21/02/10 09:30:47 INFO BlockManager: Initialized BlockManager: BlockManagerId(driver, 127.0.0.1, 59367, None)
21/02/10 09:30:48 INFO SharedState: loading hive config file: file:/C:/Users/ineaz/AppData/Local/spark/spark-3.0.1-bin-hadoop3.2/conf/hive-site.xml
21/02/10 09:30:48 INFO SharedState: Setting hive.metastore.warehouse.dir ('C:/Users/ineaz/AppData/Local/spark/spark-3.0.1-bin-hadoop3.2/tmp/hive') to the value of spark.sql.warehouse.dir ('C:/Users/ineaz/AppData/Local/spark/spark-3.0.1-bin-hadoop3.2/tmp/hive').
21/02/10 09:30:48 INFO SharedState: Warehouse path is 'C:/Users/ineaz/AppData/Local/spark/spark-3.0.1-bin-hadoop3.2/tmp/hive'.
21/02/10 09:30:48 WARN SharedState: Not allowing to set spark.sql.warehouse.dir or hive.metastore.warehouse.dir in SparkSession's options, it should be set statically for cross-session usages
21/02/10 09:30:58 INFO HiveUtils: Initializing HiveMetastoreConnection version 2.3.7 using Spark classes.
21/02/10 09:30:58 WARN ProcfsMetricsGetter: Exception when trying to compute pagesize, as a result reporting of ProcessTree metrics is stopped
21/02/10 09:30:58 INFO HiveConf: Found configuration file file:/C:/Users/ineaz/AppData/Local/spark/spark-3.0.1-bin-hadoop3.2/conf/hive-site.xml
21/02/10 09:30:59 INFO SessionState: Created HDFS directory: C:/Users/ineaz/AppData/Local/spark/spark-3.0.1-bin-hadoop3.2/tmp/hive/ineaz/146664a2-d57c-4d64-8ab0-c2d45cb2f707
21/02/10 09:30:59 INFO SessionState: Created local directory: C:/Users/ineaz/AppData/Local/spark/spark-3.0.1-bin-hadoop3.2/tmp/hive/146664a2-d57c-4d64-8ab0-c2d45cb2f707
21/02/10 09:30:59 INFO SessionState: Created HDFS directory: C:/Users/ineaz/AppData/Local/spark/spark-3.0.1-bin-hadoop3.2/tmp/hive/ineaz/146664a2-d57c-4d64-8ab0-c2d45cb2f707/_tmp_space.db
21/02/10 09:30:59 INFO HiveClientImpl: Warehouse location for Hive client (version 2.3.7) is C:/Users/ineaz/AppData/Local/spark/spark-3.0.1-bin-hadoop3.2/tmp/hive
21/02/10 09:31:01 WARN HiveConf: HiveConf of name hive.stats.jdbc.timeout does not exist
21/02/10 09:31:01 WARN HiveConf: HiveConf of name hive.stats.retries.wait does not exist
21/02/10 09:31:01 INFO HiveMetaStore: 0: Opening raw store with implementation class:org.apache.hadoop.hive.metastore.ObjectStore
21/02/10 09:31:01 INFO ObjectStore: ObjectStore, initialize called
21/02/10 09:31:02 INFO Persistence: Property hive.metastore.integral.jdo.pushdown unknown - will be ignored
21/02/10 09:31:02 INFO Persistence: Property datanucleus.cache.level2 unknown - will be ignored
21/02/10 09:31:04 INFO ObjectStore: Setting MetaStore object pin classes with hive.metastore.cache.pinobjtypes="Table,StorageDescriptor,SerDeInfo,Partition,Database,Type,FieldSchema,Order"
21/02/10 09:31:07 INFO MetaStoreDirectSql: Using direct SQL, underlying DB is DERBY
21/02/10 09:31:07 INFO ObjectStore: Initialized ObjectStore
21/02/10 09:31:07 WARN ObjectStore: Version information not found in metastore. hive.metastore.schema.verification is not enabled so recording the schema version 2.3.0
21/02/10 09:31:07 WARN ObjectStore: setMetaStoreSchemaVersion called but recording version is disabled: version = 2.3.0, comment = Set by MetaStore UNKNOWN@192.168.1.27
21/02/10 09:31:07 WARN ObjectStore: Failed to get database default, returning NoSuchObjectException
21/02/10 09:31:07 INFO HiveMetaStore: Added admin role in metastore
21/02/10 09:31:07 INFO HiveMetaStore: Added public role in metastore
21/02/10 09:31:08 INFO HiveMetaStore: No user is added in admin role, since config is empty
21/02/10 09:31:08 INFO HiveMetaStore: 0: get_all_functions
21/02/10 09:31:08 INFO audit: ugi=ineaz	ip=unknown-ip-addr	cmd=get_all_functions	
21/02/10 09:31:08 INFO HiveMetaStore: 0: get_database: default
21/02/10 09:31:08 INFO audit: ugi=ineaz	ip=unknown-ip-addr	cmd=get_database: default	
21/02/10 09:31:08 INFO HiveMetaStore: 0: get_database: global_temp
21/02/10 09:31:08 INFO audit: ugi=ineaz	ip=unknown-ip-addr	cmd=get_database: global_temp	
21/02/10 09:31:08 WARN ObjectStore: Failed to get database global_temp, returning NoSuchObjectException
21/02/10 09:31:08 INFO HiveMetaStore: 0: get_database: default
21/02/10 09:31:08 INFO audit: ugi=ineaz	ip=unknown-ip-addr	cmd=get_database: default	
21/02/10 09:31:08 INFO HiveMetaStore: 0: get_database: default
21/02/10 09:31:08 INFO audit: ugi=ineaz	ip=unknown-ip-addr	cmd=get_database: default	
21/02/10 09:31:08 INFO HiveMetaStore: 0: get_tables: db=default pat=*
21/02/10 09:31:08 INFO audit: ugi=ineaz	ip=unknown-ip-addr	cmd=get_tables: db=default pat=*	
21/02/10 09:31:10 INFO CodeGenerator: Code generated in 328.6393 ms
21/02/10 09:31:10 INFO CodeGenerator: Code generated in 31.4492 ms
21/02/10 09:31:10 INFO SparkContext: Starting job: count at utils.scala:116
21/02/10 09:31:10 INFO DAGScheduler: Registering RDD 2 (count at utils.scala:116) as input to shuffle 0
21/02/10 09:31:10 INFO DAGScheduler: Got job 0 (count at utils.scala:116) with 1 output partitions
21/02/10 09:31:10 INFO DAGScheduler: Final stage: ResultStage 1 (count at utils.scala:116)
21/02/10 09:31:10 INFO DAGScheduler: Parents of final stage: List(ShuffleMapStage 0)
21/02/10 09:31:10 INFO DAGScheduler: Missing parents: List()
21/02/10 09:31:10 INFO DAGScheduler: Submitting ResultStage 1 (MapPartitionsRDD[5] at count at utils.scala:116), which has no missing parents
21/02/10 09:31:10 INFO MemoryStore: Block broadcast_0 stored as values in memory (estimated size 10.1 KiB, free 912.3 MiB)
21/02/10 09:31:10 INFO MemoryStore: Block broadcast_0_piece0 stored as bytes in memory (estimated size 5.0 KiB, free 912.3 MiB)
21/02/10 09:31:10 INFO BlockManagerInfo: Added broadcast_0_piece0 in memory on 127.0.0.1:59367 (size: 5.0 KiB, free: 912.3 MiB)
21/02/10 09:31:10 INFO SparkContext: Created broadcast 0 from broadcast at DAGScheduler.scala:1223
21/02/10 09:31:11 INFO DAGScheduler: Submitting 1 missing tasks from ResultStage 1 (MapPartitionsRDD[5] at count at utils.scala:116) (first 15 tasks are for partitions Vector(0))
21/02/10 09:31:11 INFO TaskSchedulerImpl: Adding task set 1.0 with 1 tasks
21/02/10 09:31:11 INFO TaskSetManager: Starting task 0.0 in stage 1.0 (TID 0, 127.0.0.1, executor driver, partition 0, PROCESS_LOCAL, 7325 bytes)
21/02/10 09:31:11 INFO Executor: Running task 0.0 in stage 1.0 (TID 0)
21/02/10 09:31:11 INFO Executor: Fetching spark://127.0.0.1:59324/jars/sparklyr-3.0-2.12.jar with timestamp 1612945846584
21/02/10 09:31:11 INFO TransportClientFactory: Successfully created connection to /127.0.0.1:59324 after 33 ms (0 ms spent in bootstraps)
21/02/10 09:31:11 INFO Utils: Fetching spark://127.0.0.1:59324/jars/sparklyr-3.0-2.12.jar to C:\Users\ineaz\AppData\Local\spark\spark-3.0.1-bin-hadoop3.2\tmp\local\spark-035416fc-4655-4bae-8142-069eaa582680\userFiles-a5236f02-1ca3-4508-9ce0-9c8cc76e268a\fetchFileTemp8481962035123732058.tmp
21/02/10 09:31:11 INFO Executor: Adding file:/C:/Users/ineaz/AppData/Local/spark/spark-3.0.1-bin-hadoop3.2/tmp/local/spark-035416fc-4655-4bae-8142-069eaa582680/userFiles-a5236f02-1ca3-4508-9ce0-9c8cc76e268a/sparklyr-3.0-2.12.jar to class loader
21/02/10 09:31:11 INFO ShuffleBlockFetcherIterator: Getting 0 (0.0 B) non-empty blocks including 0 (0.0 B) local and 0 (0.0 B) host-local and 0 (0.0 B) remote blocks
21/02/10 09:31:11 INFO ShuffleBlockFetcherIterator: Started 0 remote fetches in 9 ms
21/02/10 09:31:11 INFO Executor: Finished task 0.0 in stage 1.0 (TID 0). 2684 bytes result sent to driver
21/02/10 09:31:11 INFO TaskSetManager: Finished task 0.0 in stage 1.0 (TID 0) in 678 ms on 127.0.0.1 (executor driver) (1/1)
21/02/10 09:31:11 INFO TaskSchedulerImpl: Removed TaskSet 1.0, whose tasks have all completed, from pool 
21/02/10 09:31:11 INFO DAGScheduler: ResultStage 1 (count at utils.scala:116) finished in 0.991 s
21/02/10 09:31:11 INFO DAGScheduler: Job 0 is finished. Cancelling potential speculative or zombie tasks for this job
21/02/10 09:31:11 INFO TaskSchedulerImpl: Killing all running tasks in stage 1: Stage finished
21/02/10 09:31:11 INFO DAGScheduler: Job 0 finished: count at utils.scala:116, took 1.088147 s
21/02/10 10:00:48 INFO BlockManagerInfo: Removed broadcast_0_piece0 on 127.0.0.1:59367 in memory (size: 5.0 KiB, free: 912.3 MiB)
